This file contains any messages produced by compilers while
running configure, to aid debugging if configure makes a mistake.

It was created by sumo configure svn, which was
generated by GNU Autoconf 2.69.  Invocation command line was

  $ ./configure 

## --------- ##
## Platform. ##
## --------- ##

hostname = sinziana-Lenovo-B50-70
uname -m = x86_64
uname -r = 4.8.0-52-generic
uname -s = Linux
uname -v = #55~16.04.1-Ubuntu SMP Fri Apr 28 14:36:29 UTC 2017

/usr/bin/uname -p = unknown
/bin/uname -X     = unknown

/bin/arch              = unknown
/usr/bin/arch -k       = unknown
/usr/convex/getsysinfo = unknown
/usr/bin/hostinfo      = unknown
/bin/machine           = unknown
/usr/bin/oslevel       = unknown
/bin/universe          = unknown

PATH: /home/sinziana/sumo/bin
PATH: /home/sinziana/mspgccx/bin
PATH: /home/sinziana/bin
PATH: /home/sinziana/.local/bin
PATH: /usr/local/sbin
PATH: /usr/local/bin
PATH: /usr/sbin
PATH: /usr/bin
PATH: /sbin
PATH: /bin
PATH: /usr/games
PATH: /usr/local/games
PATH: /usr/local/java/jre1.8.0_20/bin
PATH: /usr/local/java/jdk1.8.0_20/bin
PATH: /snap/bin
PATH: /usr/local/java/jre1.8.0_20/bin
PATH: /usr/local/java/jdk1.8.0_20/bin
PATH: /usr/local/java/jre1.8.0_20/bin
PATH: /usr/local/java/jdk1.8.0_20/bin
PATH: /usr/local/java/jre1.8.0_20/bin
PATH: /usr/local/java/jdk1.8.0_20/bin
PATH: /usr/local/java/jre1.8.0_20/bin
PATH: /usr/local/java/jdk1.8.0_20/bin


## ----------- ##
## Core tests. ##
## ----------- ##

configure:2643: checking build system type
configure:2657: result: x86_64-pc-linux-gnu
configure:2677: checking host system type
configure:2690: result: x86_64-pc-linux-gnu
configure:2710: checking target system type
configure:2723: result: x86_64-pc-linux-gnu
configure:2770: checking for a BSD-compatible install
configure:2838: result: /usr/bin/install -c
configure:2849: checking whether build environment is sane
configure:2904: result: yes
configure:3055: checking for a thread-safe mkdir -p
configure:3094: result: /bin/mkdir -p
configure:3101: checking for gawk
configure:3131: result: no
configure:3101: checking for mawk
configure:3117: found /usr/bin/mawk
configure:3128: result: mawk
configure:3139: checking whether make sets $(MAKE)
configure:3161: result: yes
configure:3190: checking whether make supports nested variables
configure:3207: result: yes
configure:3296: checking whether UID '1000' is supported by ustar format
configure:3299: result: yes
configure:3306: checking whether GID '1000' is supported by ustar format
configure:3309: result: yes
configure:3317: checking how to create a ustar tar archive
configure:3328: tar --version
tar (GNU tar) 1.28
Copyright (C) 2014 Free Software Foundation, Inc.
License GPLv3+: GNU GPL version 3 or later <http://gnu.org/licenses/gpl.html>.
This is free software: you are free to change and redistribute it.
There is NO WARRANTY, to the extent permitted by law.

Written by John Gilmore and Jay Fenlason.
configure:3331: $? = 0
configure:3371: tardir=conftest.dir && eval tar --format=ustar -chf - "$tardir" >conftest.tar
configure:3374: $? = 0
configure:3378: tar -xf - <conftest.tar
configure:3381: $? = 0
configure:3383: cat conftest.dir/file
GrepMe
configure:3386: $? = 0
configure:3399: result: gnutar
configure:3560: checking for gcc
configure:3576: found /usr/bin/gcc
configure:3587: result: gcc
configure:3816: checking for C compiler version
configure:3825: gcc --version >&5
gcc (Ubuntu 5.4.0-6ubuntu1~16.04.4) 5.4.0 20160609
Copyright (C) 2015 Free Software Foundation, Inc.
This is free software; see the source for copying conditions.  There is NO
warranty; not even for MERCHANTABILITY or FITNESS FOR A PARTICULAR PURPOSE.

configure:3836: $? = 0
configure:3825: gcc -v >&5
Using built-in specs.
COLLECT_GCC=gcc
COLLECT_LTO_WRAPPER=/usr/lib/gcc/x86_64-linux-gnu/5/lto-wrapper
Target: x86_64-linux-gnu
Configured with: ../src/configure -v --with-pkgversion='Ubuntu 5.4.0-6ubuntu1~16.04.4' --with-bugurl=file:///usr/share/doc/gcc-5/README.Bugs --enable-languages=c,ada,c++,java,go,d,fortran,objc,obj-c++ --prefix=/usr --program-suffix=-5 --enable-shared --enable-linker-build-id --libexecdir=/usr/lib --without-included-gettext --enable-threads=posix --libdir=/usr/lib --enable-nls --with-sysroot=/ --enable-clocale=gnu --enable-libstdcxx-debug --enable-libstdcxx-time=yes --with-default-libstdcxx-abi=new --enable-gnu-unique-object --disable-vtable-verify --enable-libmpx --enable-plugin --with-system-zlib --disable-browser-plugin --enable-java-awt=gtk --enable-gtk-cairo --with-java-home=/usr/lib/jvm/java-1.5.0-gcj-5-amd64/jre --enable-java-home --with-jvm-root-dir=/usr/lib/jvm/java-1.5.0-gcj-5-amd64 --with-jvm-jar-dir=/usr/lib/jvm-exports/java-1.5.0-gcj-5-amd64 --with-arch-directory=amd64 --with-ecj-jar=/usr/share/java/eclipse-ecj.jar --enable-objc-gc --enable-multiarch --disable-werror --with-arch-32=i686 --with-abi=m64 --with-multilib-list=m32,m64,mx32 --enable-multilib --with-tune=generic --enable-checking=release --build=x86_64-linux-gnu --host=x86_64-linux-gnu --target=x86_64-linux-gnu
Thread model: posix
gcc version 5.4.0 20160609 (Ubuntu 5.4.0-6ubuntu1~16.04.4) 
configure:3836: $? = 0
configure:3825: gcc -V >&5
gcc: error: unrecognized command line option '-V'
gcc: fatal error: no input files
compilation terminated.
configure:3836: $? = 1
configure:3825: gcc -qversion >&5
gcc: error: unrecognized command line option '-qversion'
gcc: fatal error: no input files
compilation terminated.
configure:3836: $? = 1
configure:3856: checking whether the C compiler works
configure:3878: gcc    conftest.c  >&5
configure:3882: $? = 0
configure:3930: result: yes
configure:3933: checking for C compiler default output file name
configure:3935: result: a.out
configure:3941: checking for suffix of executables
configure:3948: gcc -o conftest    conftest.c  >&5
configure:3952: $? = 0
configure:3974: result: 
configure:3996: checking whether we are cross compiling
configure:4004: gcc -o conftest    conftest.c  >&5
configure:4008: $? = 0
configure:4015: ./conftest
configure:4019: $? = 0
configure:4034: result: no
configure:4039: checking for suffix of object files
configure:4061: gcc -c   conftest.c >&5
configure:4065: $? = 0
configure:4086: result: o
configure:4090: checking whether we are using the GNU C compiler
configure:4109: gcc -c   conftest.c >&5
configure:4109: $? = 0
configure:4118: result: yes
configure:4127: checking whether gcc accepts -g
configure:4147: gcc -c -g  conftest.c >&5
configure:4147: $? = 0
configure:4188: result: yes
configure:4205: checking for gcc option to accept ISO C89
configure:4268: gcc  -c -g -O2  conftest.c >&5
configure:4268: $? = 0
configure:4281: result: none needed
configure:4306: checking whether gcc understands -c and -o together
configure:4328: gcc -c conftest.c -o conftest2.o
configure:4331: $? = 0
configure:4328: gcc -c conftest.c -o conftest2.o
configure:4331: $? = 0
configure:4343: result: yes
configure:4371: checking for style of include used by make
configure:4399: result: GNU
configure:4425: checking dependency style of gcc
configure:4536: result: gcc3
configure:4556: checking how to run the C preprocessor
configure:4587: gcc -E  conftest.c
configure:4587: $? = 0
configure:4601: gcc -E  conftest.c
conftest.c:11:28: fatal error: ac_nonexistent.h: No such file or directory
compilation terminated.
configure:4601: $? = 1
configure: failed program was:
| /* confdefs.h */
| #define PACKAGE_NAME "sumo"
| #define PACKAGE_TARNAME "sumo"
| #define PACKAGE_VERSION "svn"
| #define PACKAGE_STRING "sumo svn"
| #define PACKAGE_BUGREPORT ""
| #define PACKAGE_URL ""
| #define PACKAGE "sumo"
| #define VERSION "svn"
| /* end confdefs.h.  */
| #include <ac_nonexistent.h>
configure:4626: result: gcc -E
configure:4646: gcc -E  conftest.c
configure:4646: $? = 0
configure:4660: gcc -E  conftest.c
conftest.c:11:28: fatal error: ac_nonexistent.h: No such file or directory
compilation terminated.
configure:4660: $? = 1
configure: failed program was:
| /* confdefs.h */
| #define PACKAGE_NAME "sumo"
| #define PACKAGE_TARNAME "sumo"
| #define PACKAGE_VERSION "svn"
| #define PACKAGE_STRING "sumo svn"
| #define PACKAGE_BUGREPORT ""
| #define PACKAGE_URL ""
| #define PACKAGE "sumo"
| #define VERSION "svn"
| /* end confdefs.h.  */
| #include <ac_nonexistent.h>
configure:4746: checking for g++
configure:4762: found /usr/bin/g++
configure:4773: result: g++
configure:4800: checking for C++ compiler version
configure:4809: g++ --version >&5
g++ (Ubuntu 5.4.0-6ubuntu1~16.04.4) 5.4.0 20160609
Copyright (C) 2015 Free Software Foundation, Inc.
This is free software; see the source for copying conditions.  There is NO
warranty; not even for MERCHANTABILITY or FITNESS FOR A PARTICULAR PURPOSE.

configure:4820: $? = 0
configure:4809: g++ -v >&5
Using built-in specs.
COLLECT_GCC=g++
COLLECT_LTO_WRAPPER=/usr/lib/gcc/x86_64-linux-gnu/5/lto-wrapper
Target: x86_64-linux-gnu
Configured with: ../src/configure -v --with-pkgversion='Ubuntu 5.4.0-6ubuntu1~16.04.4' --with-bugurl=file:///usr/share/doc/gcc-5/README.Bugs --enable-languages=c,ada,c++,java,go,d,fortran,objc,obj-c++ --prefix=/usr --program-suffix=-5 --enable-shared --enable-linker-build-id --libexecdir=/usr/lib --without-included-gettext --enable-threads=posix --libdir=/usr/lib --enable-nls --with-sysroot=/ --enable-clocale=gnu --enable-libstdcxx-debug --enable-libstdcxx-time=yes --with-default-libstdcxx-abi=new --enable-gnu-unique-object --disable-vtable-verify --enable-libmpx --enable-plugin --with-system-zlib --disable-browser-plugin --enable-java-awt=gtk --enable-gtk-cairo --with-java-home=/usr/lib/jvm/java-1.5.0-gcj-5-amd64/jre --enable-java-home --with-jvm-root-dir=/usr/lib/jvm/java-1.5.0-gcj-5-amd64 --with-jvm-jar-dir=/usr/lib/jvm-exports/java-1.5.0-gcj-5-amd64 --with-arch-directory=amd64 --with-ecj-jar=/usr/share/java/eclipse-ecj.jar --enable-objc-gc --enable-multiarch --disable-werror --with-arch-32=i686 --with-abi=m64 --with-multilib-list=m32,m64,mx32 --enable-multilib --with-tune=generic --enable-checking=release --build=x86_64-linux-gnu --host=x86_64-linux-gnu --target=x86_64-linux-gnu
Thread model: posix
gcc version 5.4.0 20160609 (Ubuntu 5.4.0-6ubuntu1~16.04.4) 
configure:4820: $? = 0
configure:4809: g++ -V >&5
g++: error: unrecognized command line option '-V'
g++: fatal error: no input files
compilation terminated.
configure:4820: $? = 1
configure:4809: g++ -qversion >&5
g++: error: unrecognized command line option '-qversion'
g++: fatal error: no input files
compilation terminated.
configure:4820: $? = 1
configure:4824: checking whether we are using the GNU C++ compiler
configure:4843: g++ -c -O2 -DNDEBUG   conftest.cpp >&5
configure:4843: $? = 0
configure:4852: result: yes
configure:4861: checking whether g++ accepts -g
configure:4881: g++ -c -g  conftest.cpp >&5
configure:4881: $? = 0
configure:4922: result: yes
configure:4947: checking dependency style of g++
configure:5058: result: gcc3
configure:5074: checking whether ln -s works
configure:5078: result: yes
configure:5085: checking whether make sets $(MAKE)
configure:5107: result: yes
configure:5160: checking for ranlib
configure:5176: found /usr/bin/ranlib
configure:5187: result: ranlib
configure:5255: checking how to print strings
configure:5282: result: printf
configure:5303: checking for a sed that does not truncate output
configure:5367: result: /bin/sed
configure:5385: checking for grep that handles long lines and -e
configure:5443: result: /bin/grep
configure:5448: checking for egrep
configure:5510: result: /bin/grep -E
configure:5515: checking for fgrep
configure:5577: result: /bin/grep -F
configure:5612: checking for ld used by gcc
configure:5679: result: /usr/bin/ld
configure:5686: checking if the linker (/usr/bin/ld) is GNU ld
configure:5701: result: yes
configure:5713: checking for BSD- or MS-compatible name lister (nm)
configure:5767: result: /usr/bin/nm -B
configure:5897: checking the name lister (/usr/bin/nm -B) interface
configure:5904: g++ -c -O2 -DNDEBUG   conftest.cpp >&5
configure:5907: /usr/bin/nm -B "conftest.o"
configure:5910: output
0000000000000000 B some_variable
configure:5917: result: BSD nm
configure:5921: checking the maximum length of command line arguments
configure:6052: result: 1572864
configure:6100: checking how to convert x86_64-pc-linux-gnu file names to x86_64-pc-linux-gnu format
configure:6140: result: func_convert_file_noop
configure:6147: checking how to convert x86_64-pc-linux-gnu file names to toolchain format
configure:6167: result: func_convert_file_noop
configure:6174: checking for /usr/bin/ld option to reload object files
configure:6181: result: -r
configure:6255: checking for objdump
configure:6271: found /usr/bin/objdump
configure:6282: result: objdump
configure:6314: checking how to recognize dependent libraries
configure:6514: result: pass_all
configure:6599: checking for dlltool
configure:6629: result: no
configure:6659: checking how to associate runtime and link libraries
configure:6686: result: printf %s\n
configure:6747: checking for ar
configure:6763: found /usr/bin/ar
configure:6774: result: ar
configure:6811: checking for archiver @FILE support
configure:6828: g++ -c -O2 -DNDEBUG   conftest.cpp >&5
configure:6828: $? = 0
configure:6831: ar cru libconftest.a @conftest.lst >&5
ar: `u' modifier ignored since `D' is the default (see `U')
configure:6834: $? = 0
configure:6839: ar cru libconftest.a @conftest.lst >&5
ar: `u' modifier ignored since `D' is the default (see `U')
ar: conftest.o: No such file or directory
configure:6842: $? = 1
configure:6854: result: @
configure:6912: checking for strip
configure:6928: found /usr/bin/strip
configure:6939: result: strip
configure:7011: checking for ranlib
configure:7038: result: ranlib
configure:7140: checking command to parse /usr/bin/nm -B output from gcc object
configure:7293: g++ -c -O2 -DNDEBUG   conftest.cpp >&5
configure:7296: $? = 0
configure:7300: /usr/bin/nm -B conftest.o \| sed -n -e 's/^.*[ ]\([ABCDGIRSTW][ABCDGIRSTW]*\)[ ][ ]*\([_A-Za-z][_A-Za-z0-9]*\)$/\1 \2 \2/p' | sed '/ __gnu_lto/d' \> conftest.nm
configure:7303: $? = 0
configure:7369: g++ -o conftest -O2 -DNDEBUG    conftest.cpp conftstm.o >&5
configure:7372: $? = 0
configure:7410: result: ok
configure:7457: checking for sysroot
configure:7487: result: no
configure:7494: checking for a working dd
configure:7532: result: /bin/dd
configure:7536: checking how to truncate binary pipes
configure:7551: result: /bin/dd bs=4096 count=1
configure:7688: g++ -c -O2 -DNDEBUG   conftest.cpp >&5
configure:7691: $? = 0
configure:7881: checking for mt
configure:7897: found /bin/mt
configure:7908: result: mt
configure:7931: checking if mt is a manifest tool
configure:7937: mt '-?'
configure:7945: result: no
configure:8618: checking for ANSI C header files
configure:8638: g++ -c -O2 -DNDEBUG   conftest.cpp >&5
configure:8638: $? = 0
./configure: line 8652: conftest.cpp: command not found
configure:8722: result: no
configure:8735: checking for sys/types.h
configure:8735: g++ -c -O2 -DNDEBUG   conftest.cpp >&5
configure:8735: $? = 0
configure:8735: result: yes
configure:8735: checking for sys/stat.h
configure:8735: g++ -c -O2 -DNDEBUG   conftest.cpp >&5
configure:8735: $? = 0
configure:8735: result: yes
configure:8735: checking for stdlib.h
configure:8735: g++ -c -O2 -DNDEBUG   conftest.cpp >&5
configure:8735: $? = 0
configure:8735: result: yes
configure:8735: checking for string.h
configure:8735: g++ -c -O2 -DNDEBUG   conftest.cpp >&5
configure:8735: $? = 0
configure:8735: result: yes
configure:8735: checking for memory.h
configure:8735: g++ -c -O2 -DNDEBUG   conftest.cpp >&5
configure:8735: $? = 0
configure:8735: result: yes
configure:8735: checking for strings.h
configure:8735: g++ -c -O2 -DNDEBUG   conftest.cpp >&5
configure:8735: $? = 0
configure:8735: result: yes
configure:8735: checking for inttypes.h
configure:8735: g++ -c -O2 -DNDEBUG   conftest.cpp >&5
configure:8735: $? = 0
configure:8735: result: yes
configure:8735: checking for stdint.h
configure:8735: g++ -c -O2 -DNDEBUG   conftest.cpp >&5
configure:8735: $? = 0
configure:8735: result: yes
configure:8735: checking for unistd.h
configure:8735: g++ -c -O2 -DNDEBUG   conftest.cpp >&5
configure:8735: $? = 0
configure:8735: result: yes
configure:8749: checking for dlfcn.h
configure:8749: g++ -c -O2 -DNDEBUG   conftest.cpp >&5
configure:8749: $? = 0
configure:8749: result: yes
configure:9015: checking for objdir
configure:9030: result: .libs
configure:9290: checking if gcc supports -fno-rtti -fno-exceptions
configure:9308: gcc -c -g -O2  -fno-rtti -fno-exceptions conftest.c >&5
cc1: warning: command line option '-fno-rtti' is valid for C++/ObjC++ but not for C
configure:9312: $? = 0
configure:9325: result: no
configure:9683: checking for gcc option to produce PIC
configure:9690: result: -fPIC -DPIC
configure:9698: checking if gcc PIC flag -fPIC -DPIC works
configure:9716: gcc -c -g -O2  -fPIC -DPIC -DPIC conftest.c >&5
configure:9720: $? = 0
configure:9733: result: yes
configure:9762: checking if gcc static flag -static works
configure:9790: result: yes
configure:9805: checking if gcc supports -c -o file.o
configure:9826: gcc -c -g -O2  -o out/conftest2.o conftest.c >&5
configure:9830: $? = 0
configure:9852: result: yes
configure:9860: checking if gcc supports -c -o file.o
configure:9907: result: yes
configure:9940: checking whether the gcc linker (/usr/bin/ld -m elf_x86_64) supports shared libraries
configure:11203: result: yes
configure:11240: checking whether -lc should be explicitly linked in
configure:11248: gcc -c -g -O2  conftest.c >&5
configure:11251: $? = 0
configure:11266: gcc -shared  -fPIC -DPIC conftest.o  -v -Wl,-soname -Wl,conftest -o conftest 2\>\&1 \| /bin/grep  -lc  \>/dev/null 2\>\&1
configure:11269: $? = 0
configure:11283: result: no
configure:11443: checking dynamic linker characteristics
configure:12024: gcc -o conftest -g -O2   -Wl,-rpath -Wl,/foo conftest.c  >&5
configure:12024: $? = 0
configure:12273: result: GNU/Linux ld.so
configure:12395: checking how to hardcode library paths into programs
configure:12420: result: immediate
configure:12968: checking whether stripping libraries is possible
configure:12973: result: yes
configure:13008: checking if libtool supports shared libraries
configure:13010: result: yes
configure:13013: checking whether to build shared libraries
configure:13038: result: yes
configure:13041: checking whether to build static libraries
configure:13045: result: yes
configure:13068: checking how to run the C++ preprocessor
configure:13095: g++ -E  conftest.cpp
configure:13095: $? = 0
configure:13109: g++ -E  conftest.cpp
conftest.cpp:22:28: fatal error: ac_nonexistent.h: No such file or directory
compilation terminated.
configure:13109: $? = 1
configure: failed program was:
| /* confdefs.h */
| #define PACKAGE_NAME "sumo"
| #define PACKAGE_TARNAME "sumo"
| #define PACKAGE_VERSION "svn"
| #define PACKAGE_STRING "sumo svn"
| #define PACKAGE_BUGREPORT ""
| #define PACKAGE_URL ""
| #define PACKAGE "sumo"
| #define VERSION "svn"
| #define HAVE_SYS_TYPES_H 1
| #define HAVE_SYS_STAT_H 1
| #define HAVE_STDLIB_H 1
| #define HAVE_STRING_H 1
| #define HAVE_MEMORY_H 1
| #define HAVE_STRINGS_H 1
| #define HAVE_INTTYPES_H 1
| #define HAVE_STDINT_H 1
| #define HAVE_UNISTD_H 1
| #define HAVE_DLFCN_H 1
| #define LT_OBJDIR ".libs/"
| /* end confdefs.h.  */
| #include <ac_nonexistent.h>
configure:13134: result: g++ -E
configure:13154: g++ -E  conftest.cpp
configure:13154: $? = 0
configure:13168: g++ -E  conftest.cpp
conftest.cpp:22:28: fatal error: ac_nonexistent.h: No such file or directory
compilation terminated.
configure:13168: $? = 1
configure: failed program was:
| /* confdefs.h */
| #define PACKAGE_NAME "sumo"
| #define PACKAGE_TARNAME "sumo"
| #define PACKAGE_VERSION "svn"
| #define PACKAGE_STRING "sumo svn"
| #define PACKAGE_BUGREPORT ""
| #define PACKAGE_URL ""
| #define PACKAGE "sumo"
| #define VERSION "svn"
| #define HAVE_SYS_TYPES_H 1
| #define HAVE_SYS_STAT_H 1
| #define HAVE_STDLIB_H 1
| #define HAVE_STRING_H 1
| #define HAVE_MEMORY_H 1
| #define HAVE_STRINGS_H 1
| #define HAVE_INTTYPES_H 1
| #define HAVE_STDINT_H 1
| #define HAVE_UNISTD_H 1
| #define HAVE_DLFCN_H 1
| #define LT_OBJDIR ".libs/"
| /* end confdefs.h.  */
| #include <ac_nonexistent.h>
configure:13330: checking for ld used by g++
configure:13397: result: /usr/bin/ld -m elf_x86_64
configure:13404: checking if the linker (/usr/bin/ld -m elf_x86_64) is GNU ld
configure:13419: result: yes
configure:13474: checking whether the g++ linker (/usr/bin/ld -m elf_x86_64) supports shared libraries
configure:14547: result: yes
configure:14583: g++ -c -O2 -DNDEBUG   conftest.cpp >&5
configure:14586: $? = 0
configure:15067: checking for g++ option to produce PIC
configure:15074: result: -fPIC -DPIC
configure:15082: checking if g++ PIC flag -fPIC -DPIC works
configure:15100: g++ -c -O2 -DNDEBUG   -fPIC -DPIC -DPIC conftest.cpp >&5
configure:15104: $? = 0
configure:15117: result: yes
configure:15140: checking if g++ static flag -static works
configure:15168: result: yes
configure:15180: checking if g++ supports -c -o file.o
configure:15201: g++ -c -O2 -DNDEBUG   -o out/conftest2.o conftest.cpp >&5
configure:15205: $? = 0
configure:15227: result: yes
configure:15232: checking if g++ supports -c -o file.o
configure:15279: result: yes
configure:15309: checking whether the g++ linker (/usr/bin/ld -m elf_x86_64) supports shared libraries
configure:15352: result: yes
configure:15493: checking dynamic linker characteristics
configure:16250: result: GNU/Linux ld.so
configure:16315: checking how to hardcode library paths into programs
configure:16340: result: immediate
configure:16536: checking for pkg-config
configure:16554: found /usr/bin/pkg-config
configure:16566: result: /usr/bin/pkg-config
configure:16591: checking pkg-config is at least version 0.9.0
configure:16594: result: yes
configure:16604: checking for XERCES
configure:16611: $PKG_CONFIG --exists --print-errors "xerces-c >= 3.0"
configure:16614: $? = 0
configure:16628: $PKG_CONFIG --exists --print-errors "xerces-c >= 3.0"
configure:16631: $? = 0
configure:16673: result: yes
configure:16704: checking for main in -lxerces-c
configure:16723: g++ -o conftest -msse2 -mfpmath=sse -O2 -DNDEBUG    conftest.cpp -lxerces-c   >&5
configure:16723: $? = 0
configure:16733: result: yes
configure:16799: checking xercesc/util/XercesVersion.hpp usability
configure:16799: g++ -c -msse2 -mfpmath=sse -O2 -DNDEBUG   -I/usr/local/include -I/usr/include conftest.cpp >&5
configure:16799: $? = 0
configure:16799: result: yes
configure:16799: checking xercesc/util/XercesVersion.hpp presence
configure:16799: g++ -E  -I/usr/local/include -I/usr/include conftest.cpp
configure:16799: $? = 0
configure:16799: result: yes
configure:16799: checking for xercesc/util/XercesVersion.hpp
configure:16799: result: yes
configure:16850: checking for main in -lproj
configure:16869: g++ -o conftest -msse2 -mfpmath=sse -O2 -DNDEBUG    conftest.cpp -lproj   >&5
configure:16869: $? = 0
configure:16878: result: yes
configure:16938: checking proj_api.h usability
configure:16938: g++ -c -msse2 -mfpmath=sse -O2 -DNDEBUG   conftest.cpp >&5
configure:16938: $? = 0
configure:16938: result: yes
configure:16938: checking proj_api.h presence
configure:16938: g++ -E  conftest.cpp
configure:16938: $? = 0
configure:16938: result: yes
configure:16938: checking for proj_api.h
configure:16938: result: yes
configure:16984: checking for gdal-config
configure:17002: found /usr/bin/gdal-config
configure:17014: result: /usr/bin/gdal-config
configure:17045: checking ogr_api.h usability
configure:17045: g++ -c -msse2 -mfpmath=sse -O2 -DNDEBUG  -I/usr/include/gdal conftest.cpp >&5
In file included from /usr/include/gdal/cpl_port.h:81:0,
                 from /usr/include/gdal/cpl_progress.h:33,
                 from /usr/include/gdal/ogr_api.h:43,
                 from conftest.cpp:60:
/usr/include/gdal/cpl_config.h:203:0: warning: "PACKAGE_NAME" redefined
 #define PACKAGE_NAME ""
 ^
conftest.cpp:2:0: note: this is the location of the previous definition
 #define PACKAGE_NAME "sumo"
 ^
In file included from /usr/include/gdal/cpl_port.h:81:0,
                 from /usr/include/gdal/cpl_progress.h:33,
                 from /usr/include/gdal/ogr_api.h:43,
                 from conftest.cpp:60:
/usr/include/gdal/cpl_config.h:206:0: warning: "PACKAGE_STRING" redefined
 #define PACKAGE_STRING ""
 ^
conftest.cpp:5:0: note: this is the location of the previous definition
 #define PACKAGE_STRING "sumo svn"
 ^
In file included from /usr/include/gdal/cpl_port.h:81:0,
                 from /usr/include/gdal/cpl_progress.h:33,
                 from /usr/include/gdal/ogr_api.h:43,
                 from conftest.cpp:60:
/usr/include/gdal/cpl_config.h:209:0: warning: "PACKAGE_TARNAME" redefined
 #define PACKAGE_TARNAME ""
 ^
conftest.cpp:3:0: note: this is the location of the previous definition
 #define PACKAGE_TARNAME "sumo"
 ^
In file included from /usr/include/gdal/cpl_port.h:81:0,
                 from /usr/include/gdal/cpl_progress.h:33,
                 from /usr/include/gdal/ogr_api.h:43,
                 from conftest.cpp:60:
/usr/include/gdal/cpl_config.h:215:0: warning: "PACKAGE_VERSION" redefined
 #define PACKAGE_VERSION ""
 ^
conftest.cpp:4:0: note: this is the location of the previous definition
 #define PACKAGE_VERSION "svn"
 ^
configure:17045: $? = 0
configure:17045: result: yes
configure:17045: checking ogr_api.h presence
configure:17045: g++ -E -I/usr/include/gdal conftest.cpp
In file included from /usr/include/gdal/cpl_port.h:81:0,
                 from /usr/include/gdal/cpl_progress.h:33,
                 from /usr/include/gdal/ogr_api.h:43,
                 from conftest.cpp:27:
/usr/include/gdal/cpl_config.h:203:0: warning: "PACKAGE_NAME" redefined
 #define PACKAGE_NAME ""
 ^
conftest.cpp:2:0: note: this is the location of the previous definition
 #define PACKAGE_NAME "sumo"
 ^
In file included from /usr/include/gdal/cpl_port.h:81:0,
                 from /usr/include/gdal/cpl_progress.h:33,
                 from /usr/include/gdal/ogr_api.h:43,
                 from conftest.cpp:27:
/usr/include/gdal/cpl_config.h:206:0: warning: "PACKAGE_STRING" redefined
 #define PACKAGE_STRING ""
 ^
conftest.cpp:5:0: note: this is the location of the previous definition
 #define PACKAGE_STRING "sumo svn"
 ^
In file included from /usr/include/gdal/cpl_port.h:81:0,
                 from /usr/include/gdal/cpl_progress.h:33,
                 from /usr/include/gdal/ogr_api.h:43,
                 from conftest.cpp:27:
/usr/include/gdal/cpl_config.h:209:0: warning: "PACKAGE_TARNAME" redefined
 #define PACKAGE_TARNAME ""
 ^
conftest.cpp:3:0: note: this is the location of the previous definition
 #define PACKAGE_TARNAME "sumo"
 ^
In file included from /usr/include/gdal/cpl_port.h:81:0,
                 from /usr/include/gdal/cpl_progress.h:33,
                 from /usr/include/gdal/ogr_api.h:43,
                 from conftest.cpp:27:
/usr/include/gdal/cpl_config.h:215:0: warning: "PACKAGE_VERSION" redefined
 #define PACKAGE_VERSION ""
 ^
conftest.cpp:4:0: note: this is the location of the previous definition
 #define PACKAGE_VERSION "svn"
 ^
configure:17045: $? = 0
configure:17045: result: yes
configure:17045: checking for ogr_api.h
configure:17045: result: yes
configure:17076: checking for fox-config
configure:17094: found /usr/bin/fox-config
configure:17106: result: /usr/bin/fox-config
configure:17137: checking fxver.h usability
configure:17137: g++ -c -msse2 -mfpmath=sse -O2 -DNDEBUG  -I/usr/include/fox-1.6 conftest.cpp >&5
configure:17137: $? = 0
configure:17137: result: yes
configure:17137: checking fxver.h presence
configure:17137: g++ -E -I/usr/include/fox-1.6 conftest.cpp
configure:17137: $? = 0
configure:17137: result: yes
configure:17137: checking for fxver.h
configure:17137: result: yes
configure:17176: checking for gtest-config
configure:17209: result: no
configure:17326: checking libavformat/version.h usability
configure:17326: g++ -c -msse2 -mfpmath=sse -O2 -DNDEBUG   -I/usr/include/ffmpeg -I/usr/local/include conftest.cpp >&5
conftest.cpp:62:33: fatal error: libavformat/version.h: No such file or directory
compilation terminated.
configure:17326: $? = 1
configure: failed program was:
| /* confdefs.h */
| #define PACKAGE_NAME "sumo"
| #define PACKAGE_TARNAME "sumo"
| #define PACKAGE_VERSION "svn"
| #define PACKAGE_STRING "sumo svn"
| #define PACKAGE_BUGREPORT ""
| #define PACKAGE_URL ""
| #define PACKAGE "sumo"
| #define VERSION "svn"
| #define HAVE_SYS_TYPES_H 1
| #define HAVE_SYS_STAT_H 1
| #define HAVE_STDLIB_H 1
| #define HAVE_STRING_H 1
| #define HAVE_MEMORY_H 1
| #define HAVE_STRINGS_H 1
| #define HAVE_INTTYPES_H 1
| #define HAVE_STDINT_H 1
| #define HAVE_UNISTD_H 1
| #define HAVE_DLFCN_H 1
| #define LT_OBJDIR ".libs/"
| #define POSITION_EPS 0.1
| #define NUMERICAL_EPS 0.001
| #define VERSION_STRING "svn"
| #define XERCES3_SIZE_t XMLSize_t
| #define HAVE_PROJ 1
| #define HAVE_GDAL 1
| #define HAVE_FOX 1
| /* end confdefs.h.  */
| #include <stdio.h>
| #ifdef HAVE_SYS_TYPES_H
| # include <sys/types.h>
| #endif
| #ifdef HAVE_SYS_STAT_H
| # include <sys/stat.h>
| #endif
| #ifdef STDC_HEADERS
| # include <stdlib.h>
| # include <stddef.h>
| #else
| # ifdef HAVE_STDLIB_H
| #  include <stdlib.h>
| # endif
| #endif
| #ifdef HAVE_STRING_H
| # if !defined STDC_HEADERS && defined HAVE_MEMORY_H
| #  include <memory.h>
| # endif
| # include <string.h>
| #endif
| #ifdef HAVE_STRINGS_H
| # include <strings.h>
| #endif
| #ifdef HAVE_INTTYPES_H
| # include <inttypes.h>
| #endif
| #ifdef HAVE_STDINT_H
| # include <stdint.h>
| #endif
| #ifdef HAVE_UNISTD_H
| # include <unistd.h>
| #endif
| #include <libavformat/version.h>
configure:17326: result: no
configure:17326: checking libavformat/version.h presence
configure:17326: g++ -E  -I/usr/include/ffmpeg -I/usr/local/include conftest.cpp
conftest.cpp:29:33: fatal error: libavformat/version.h: No such file or directory
compilation terminated.
configure:17326: $? = 1
configure: failed program was:
| /* confdefs.h */
| #define PACKAGE_NAME "sumo"
| #define PACKAGE_TARNAME "sumo"
| #define PACKAGE_VERSION "svn"
| #define PACKAGE_STRING "sumo svn"
| #define PACKAGE_BUGREPORT ""
| #define PACKAGE_URL ""
| #define PACKAGE "sumo"
| #define VERSION "svn"
| #define HAVE_SYS_TYPES_H 1
| #define HAVE_SYS_STAT_H 1
| #define HAVE_STDLIB_H 1
| #define HAVE_STRING_H 1
| #define HAVE_MEMORY_H 1
| #define HAVE_STRINGS_H 1
| #define HAVE_INTTYPES_H 1
| #define HAVE_STDINT_H 1
| #define HAVE_UNISTD_H 1
| #define HAVE_DLFCN_H 1
| #define LT_OBJDIR ".libs/"
| #define POSITION_EPS 0.1
| #define NUMERICAL_EPS 0.001
| #define VERSION_STRING "svn"
| #define XERCES3_SIZE_t XMLSize_t
| #define HAVE_PROJ 1
| #define HAVE_GDAL 1
| #define HAVE_FOX 1
| /* end confdefs.h.  */
| #include <libavformat/version.h>
configure:17326: result: no
configure:17326: checking for libavformat/version.h
configure:17326: result: no
configure:17360: checking for size_t
configure:17360: g++ -c -msse2 -mfpmath=sse -O2 -DNDEBUG   conftest.cpp >&5
configure:17360: $? = 0
configure:17360: g++ -c -msse2 -mfpmath=sse -O2 -DNDEBUG   conftest.cpp >&5
conftest.cpp: In function 'int main()':
conftest.cpp:66:20: error: expected primary-expression before ')' token
 if (sizeof ((size_t)))
                    ^
configure:17360: $? = 1
configure: failed program was:
| /* confdefs.h */
| #define PACKAGE_NAME "sumo"
| #define PACKAGE_TARNAME "sumo"
| #define PACKAGE_VERSION "svn"
| #define PACKAGE_STRING "sumo svn"
| #define PACKAGE_BUGREPORT ""
| #define PACKAGE_URL ""
| #define PACKAGE "sumo"
| #define VERSION "svn"
| #define HAVE_SYS_TYPES_H 1
| #define HAVE_SYS_STAT_H 1
| #define HAVE_STDLIB_H 1
| #define HAVE_STRING_H 1
| #define HAVE_MEMORY_H 1
| #define HAVE_STRINGS_H 1
| #define HAVE_INTTYPES_H 1
| #define HAVE_STDINT_H 1
| #define HAVE_UNISTD_H 1
| #define HAVE_DLFCN_H 1
| #define LT_OBJDIR ".libs/"
| #define POSITION_EPS 0.1
| #define NUMERICAL_EPS 0.001
| #define VERSION_STRING "svn"
| #define XERCES3_SIZE_t XMLSize_t
| #define HAVE_PROJ 1
| #define HAVE_GDAL 1
| #define HAVE_FOX 1
| #define HAVE_ENABLED "x86_64-pc-linux-gnu TRACI PROJ GDAL GUI"
| /* end confdefs.h.  */
| #include <stdio.h>
| #ifdef HAVE_SYS_TYPES_H
| # include <sys/types.h>
| #endif
| #ifdef HAVE_SYS_STAT_H
| # include <sys/stat.h>
| #endif
| #ifdef STDC_HEADERS
| # include <stdlib.h>
| # include <stddef.h>
| #else
| # ifdef HAVE_STDLIB_H
| #  include <stdlib.h>
| # endif
| #endif
| #ifdef HAVE_STRING_H
| # if !defined STDC_HEADERS && defined HAVE_MEMORY_H
| #  include <memory.h>
| # endif
| # include <string.h>
| #endif
| #ifdef HAVE_STRINGS_H
| # include <strings.h>
| #endif
| #ifdef HAVE_INTTYPES_H
| # include <inttypes.h>
| #endif
| #ifdef HAVE_STDINT_H
| # include <stdint.h>
| #endif
| #ifdef HAVE_UNISTD_H
| # include <unistd.h>
| #endif
| int
| main ()
| {
| if (sizeof ((size_t)))
| 	    return 0;
|   ;
|   return 0;
| }
configure:17360: result: yes
configure:17373: checking for working alloca.h
configure:17390: g++ -o conftest -msse2 -mfpmath=sse -O2 -DNDEBUG    conftest.cpp  >&5
configure:17390: $? = 0
configure:17398: result: yes
configure:17406: checking for alloca
configure:17443: g++ -o conftest -msse2 -mfpmath=sse -O2 -DNDEBUG    conftest.cpp  >&5
configure:17443: $? = 0
configure:17451: result: yes
configure:17557: checking for ANSI C header files
configure:17661: result: no
configure:17672: checking float.h usability
configure:17672: g++ -c -msse2 -mfpmath=sse -O2 -DNDEBUG   conftest.cpp >&5
configure:17672: $? = 0
configure:17672: result: yes
configure:17672: checking float.h presence
configure:17672: g++ -E  conftest.cpp
configure:17672: $? = 0
configure:17672: result: yes
configure:17672: checking for float.h
configure:17672: result: yes
configure:17672: checking limits.h usability
configure:17672: g++ -c -msse2 -mfpmath=sse -O2 -DNDEBUG   conftest.cpp >&5
configure:17672: $? = 0
configure:17672: result: yes
configure:17672: checking limits.h presence
configure:17672: g++ -E  conftest.cpp
configure:17672: $? = 0
configure:17672: result: yes
configure:17672: checking for limits.h
configure:17672: result: yes
configure:17672: checking malloc.h usability
configure:17672: g++ -c -msse2 -mfpmath=sse -O2 -DNDEBUG   conftest.cpp >&5
configure:17672: $? = 0
configure:17672: result: yes
configure:17672: checking malloc.h presence
configure:17672: g++ -E  conftest.cpp
configure:17672: $? = 0
configure:17672: result: yes
configure:17672: checking for malloc.h
configure:17672: result: yes
configure:17672: checking math.h usability
configure:17672: g++ -c -msse2 -mfpmath=sse -O2 -DNDEBUG   conftest.cpp >&5
configure:17672: $? = 0
configure:17672: result: yes
configure:17672: checking math.h presence
configure:17672: g++ -E  conftest.cpp
configure:17672: $? = 0
configure:17672: result: yes
configure:17672: checking for math.h
configure:17672: result: yes
configure:17672: checking stddef.h usability
configure:17672: g++ -c -msse2 -mfpmath=sse -O2 -DNDEBUG   conftest.cpp >&5
configure:17672: $? = 0
configure:17672: result: yes
configure:17672: checking stddef.h presence
configure:17672: g++ -E  conftest.cpp
configure:17672: $? = 0
configure:17672: result: yes
configure:17672: checking for stddef.h
configure:17672: result: yes
configure:17672: checking for stdlib.h
configure:17672: result: yes
configure:17672: checking for string.h
configure:17672: result: yes
configure:17672: checking sys/time.h usability
configure:17672: g++ -c -msse2 -mfpmath=sse -O2 -DNDEBUG   conftest.cpp >&5
configure:17672: $? = 0
configure:17672: result: yes
configure:17672: checking sys/time.h presence
configure:17672: g++ -E  conftest.cpp
configure:17672: $? = 0
configure:17672: result: yes
configure:17672: checking for sys/time.h
configure:17672: result: yes
configure:17672: checking for unistd.h
configure:17672: result: yes
configure:17672: checking wchar.h usability
configure:17672: g++ -c -msse2 -mfpmath=sse -O2 -DNDEBUG   conftest.cpp >&5
configure:17672: $? = 0
configure:17672: result: yes
configure:17672: checking wchar.h presence
configure:17672: g++ -E  conftest.cpp
configure:17672: $? = 0
configure:17672: result: yes
configure:17672: checking for wchar.h
configure:17672: result: yes
configure:17683: checking for stdbool.h that conforms to C99
configure:17750: g++ -c -msse2 -mfpmath=sse -O2 -DNDEBUG   conftest.cpp >&5
configure:17750: $? = 0
configure:17757: result: yes
configure:17759: checking for _Bool
configure:17759: g++ -c -msse2 -mfpmath=sse -O2 -DNDEBUG   conftest.cpp >&5
conftest.cpp: In function 'int main()':
conftest.cpp:78:13: error: '_Bool' was not declared in this scope
 if (sizeof (_Bool))
             ^
configure:17759: $? = 1
configure: failed program was:
| /* confdefs.h */
| #define PACKAGE_NAME "sumo"
| #define PACKAGE_TARNAME "sumo"
| #define PACKAGE_VERSION "svn"
| #define PACKAGE_STRING "sumo svn"
| #define PACKAGE_BUGREPORT ""
| #define PACKAGE_URL ""
| #define PACKAGE "sumo"
| #define VERSION "svn"
| #define HAVE_SYS_TYPES_H 1
| #define HAVE_SYS_STAT_H 1
| #define HAVE_STDLIB_H 1
| #define HAVE_STRING_H 1
| #define HAVE_MEMORY_H 1
| #define HAVE_STRINGS_H 1
| #define HAVE_INTTYPES_H 1
| #define HAVE_STDINT_H 1
| #define HAVE_UNISTD_H 1
| #define HAVE_DLFCN_H 1
| #define LT_OBJDIR ".libs/"
| #define POSITION_EPS 0.1
| #define NUMERICAL_EPS 0.001
| #define VERSION_STRING "svn"
| #define XERCES3_SIZE_t XMLSize_t
| #define HAVE_PROJ 1
| #define HAVE_GDAL 1
| #define HAVE_FOX 1
| #define HAVE_ENABLED "x86_64-pc-linux-gnu TRACI PROJ GDAL GUI"
| #define HAVE_ALLOCA_H 1
| #define HAVE_ALLOCA 1
| #define HAVE_FLOAT_H 1
| #define HAVE_LIMITS_H 1
| #define HAVE_MALLOC_H 1
| #define HAVE_MATH_H 1
| #define HAVE_STDDEF_H 1
| #define HAVE_STDLIB_H 1
| #define HAVE_STRING_H 1
| #define HAVE_SYS_TIME_H 1
| #define HAVE_UNISTD_H 1
| #define HAVE_WCHAR_H 1
| /* end confdefs.h.  */
| #include <stdio.h>
| #ifdef HAVE_SYS_TYPES_H
| # include <sys/types.h>
| #endif
| #ifdef HAVE_SYS_STAT_H
| # include <sys/stat.h>
| #endif
| #ifdef STDC_HEADERS
| # include <stdlib.h>
| # include <stddef.h>
| #else
| # ifdef HAVE_STDLIB_H
| #  include <stdlib.h>
| # endif
| #endif
| #ifdef HAVE_STRING_H
| # if !defined STDC_HEADERS && defined HAVE_MEMORY_H
| #  include <memory.h>
| # endif
| # include <string.h>
| #endif
| #ifdef HAVE_STRINGS_H
| # include <strings.h>
| #endif
| #ifdef HAVE_INTTYPES_H
| # include <inttypes.h>
| #endif
| #ifdef HAVE_STDINT_H
| # include <stdint.h>
| #endif
| #ifdef HAVE_UNISTD_H
| # include <unistd.h>
| #endif
| int
| main ()
| {
| if (sizeof (_Bool))
| 	 return 0;
|   ;
|   return 0;
| }
configure:17759: result: no
configure:17776: checking for an ANSI C-conforming const
configure:17842: g++ -c -msse2 -mfpmath=sse -O2 -DNDEBUG   conftest.cpp >&5
configure:17842: $? = 0
configure:17849: result: yes
configure:17857: checking for inline
configure:17873: g++ -c -msse2 -mfpmath=sse -O2 -DNDEBUG   conftest.cpp >&5
configure:17873: $? = 0
configure:17881: result: inline
configure:17899: checking for size_t
configure:17899: result: yes
configure:17910: checking whether time.h and sys/time.h may both be included
configure:17930: g++ -c -msse2 -mfpmath=sse -O2 -DNDEBUG   conftest.cpp >&5
configure:17930: $? = 0
configure:17937: result: yes
configure:17945: checking whether struct tm is in sys/time.h or time.h
configure:17965: g++ -c -msse2 -mfpmath=sse -O2 -DNDEBUG   conftest.cpp >&5
configure:17965: $? = 0
configure:17972: result: time.h
configure:17980: checking for working volatile
configure:17999: g++ -c -msse2 -mfpmath=sse -O2 -DNDEBUG   conftest.cpp >&5
configure:17999: $? = 0
configure:18006: result: yes
configure:18015: checking for error_at_line
configure:18031: g++ -o conftest -msse2 -mfpmath=sse -O2 -DNDEBUG    conftest.cpp  >&5
configure:18031: $? = 0
configure:18039: result: yes
configure:18053: checking sys/select.h usability
configure:18053: g++ -c -msse2 -mfpmath=sse -O2 -DNDEBUG   conftest.cpp >&5
configure:18053: $? = 0
configure:18053: result: yes
configure:18053: checking sys/select.h presence
configure:18053: g++ -E  conftest.cpp
configure:18053: $? = 0
configure:18053: result: yes
configure:18053: checking for sys/select.h
configure:18053: result: yes
configure:18053: checking sys/socket.h usability
configure:18053: g++ -c -msse2 -mfpmath=sse -O2 -DNDEBUG   conftest.cpp >&5
configure:18053: $? = 0
configure:18053: result: yes
configure:18053: checking sys/socket.h presence
configure:18053: g++ -E  conftest.cpp
configure:18053: $? = 0
configure:18053: result: yes
configure:18053: checking for sys/socket.h
configure:18053: result: yes
configure:18063: checking types of arguments for select
configure:18091: g++ -c -msse2 -mfpmath=sse -O2 -DNDEBUG   conftest.cpp >&5
configure:18091: $? = 0
configure:18102: result: int,fd_set *,struct timeval *
configure:18125: checking return type of signal handlers
configure:18143: g++ -c -msse2 -mfpmath=sse -O2 -DNDEBUG   conftest.cpp >&5
conftest.cpp: In function 'int main()':
conftest.cpp:55:25: error: void value not ignored as it ought to be
 return *(signal (0, 0)) (0) == 1;
                         ^
configure:18143: $? = 1
configure: failed program was:
| /* confdefs.h */
| #define PACKAGE_NAME "sumo"
| #define PACKAGE_TARNAME "sumo"
| #define PACKAGE_VERSION "svn"
| #define PACKAGE_STRING "sumo svn"
| #define PACKAGE_BUGREPORT ""
| #define PACKAGE_URL ""
| #define PACKAGE "sumo"
| #define VERSION "svn"
| #define HAVE_SYS_TYPES_H 1
| #define HAVE_SYS_STAT_H 1
| #define HAVE_STDLIB_H 1
| #define HAVE_STRING_H 1
| #define HAVE_MEMORY_H 1
| #define HAVE_STRINGS_H 1
| #define HAVE_INTTYPES_H 1
| #define HAVE_STDINT_H 1
| #define HAVE_UNISTD_H 1
| #define HAVE_DLFCN_H 1
| #define LT_OBJDIR ".libs/"
| #define POSITION_EPS 0.1
| #define NUMERICAL_EPS 0.001
| #define VERSION_STRING "svn"
| #define XERCES3_SIZE_t XMLSize_t
| #define HAVE_PROJ 1
| #define HAVE_GDAL 1
| #define HAVE_FOX 1
| #define HAVE_ENABLED "x86_64-pc-linux-gnu TRACI PROJ GDAL GUI"
| #define HAVE_ALLOCA_H 1
| #define HAVE_ALLOCA 1
| #define HAVE_FLOAT_H 1
| #define HAVE_LIMITS_H 1
| #define HAVE_MALLOC_H 1
| #define HAVE_MATH_H 1
| #define HAVE_STDDEF_H 1
| #define HAVE_STDLIB_H 1
| #define HAVE_STRING_H 1
| #define HAVE_SYS_TIME_H 1
| #define HAVE_UNISTD_H 1
| #define HAVE_WCHAR_H 1
| #define HAVE_STDBOOL_H 1
| #define TIME_WITH_SYS_TIME 1
| #define HAVE_SYS_SELECT_H 1
| #define HAVE_SYS_SOCKET_H 1
| #define SELECT_TYPE_ARG1 int
| #define SELECT_TYPE_ARG234 (fd_set *)
| #define SELECT_TYPE_ARG5 (struct timeval *)
| /* end confdefs.h.  */
| #include <sys/types.h>
| #include <signal.h>
| 
| int
| main ()
| {
| return *(signal (0, 0)) (0) == 1;
|   ;
|   return 0;
| }
configure:18150: result: void
configure:18158: checking whether lstat correctly handles trailing slash
configure:18184: g++ -o conftest -msse2 -mfpmath=sse -O2 -DNDEBUG    conftest.cpp  >&5
configure:18184: $? = 0
configure:18184: ./conftest
configure:18184: $? = 0
configure:18201: result: yes
configure:18220: checking whether stat accepts an empty string
configure:18240: g++ -o conftest -msse2 -mfpmath=sse -O2 -DNDEBUG    conftest.cpp  >&5
configure:18240: $? = 0
configure:18240: ./conftest
configure:18240: $? = 0
configure:18250: result: no
configure:18269: checking for floor
configure:18269: g++ -o conftest -msse2 -mfpmath=sse -O2 -DNDEBUG    conftest.cpp  >&5
configure:18269: $? = 0
configure:18269: result: yes
configure:18269: checking for getcwd
configure:18269: g++ -o conftest -msse2 -mfpmath=sse -O2 -DNDEBUG    conftest.cpp  >&5
configure:18269: $? = 0
configure:18269: result: yes
configure:18269: checking for gettimeofday
configure:18269: g++ -o conftest -msse2 -mfpmath=sse -O2 -DNDEBUG    conftest.cpp  >&5
configure:18269: $? = 0
configure:18269: result: yes
configure:18269: checking for memset
configure:18269: g++ -o conftest -msse2 -mfpmath=sse -O2 -DNDEBUG    conftest.cpp  >&5
configure:18269: $? = 0
configure:18269: result: yes
configure:18269: checking for pow
configure:18269: g++ -o conftest -msse2 -mfpmath=sse -O2 -DNDEBUG    conftest.cpp  >&5
configure:18269: $? = 0
configure:18269: result: yes
configure:18269: checking for select
configure:18269: g++ -o conftest -msse2 -mfpmath=sse -O2 -DNDEBUG    conftest.cpp  >&5
configure:18269: $? = 0
configure:18269: result: yes
configure:18269: checking for socket
configure:18269: g++ -o conftest -msse2 -mfpmath=sse -O2 -DNDEBUG    conftest.cpp  >&5
configure:18269: $? = 0
configure:18269: result: yes
configure:18269: checking for sqrt
configure:18269: g++ -o conftest -msse2 -mfpmath=sse -O2 -DNDEBUG    conftest.cpp  >&5
configure:18269: $? = 0
configure:18269: result: yes
configure:18391: checking that generated files are newer than configure
configure:18397: result: done
configure:18440: creating ./config.status

## ---------------------- ##
## Running config.status. ##
## ---------------------- ##

This file was extended by sumo config.status svn, which was
generated by GNU Autoconf 2.69.  Invocation command line was

  CONFIG_FILES    = 
  CONFIG_HEADERS  = 
  CONFIG_LINKS    = 
  CONFIG_COMMANDS = 
  $ ./config.status 

on sinziana-Lenovo-B50-70

config.status:1297: creating src/Makefile
config.status:1297: creating src/activitygen/Makefile
config.status:1297: creating src/activitygen/activities/Makefile
config.status:1297: creating src/activitygen/city/Makefile
config.status:1297: creating src/foreign/Makefile
config.status:1297: creating src/foreign/eulerspiral/Makefile
config.status:1297: creating src/foreign/gl2ps/Makefile
config.status:1297: creating src/foreign/mersenne/Makefile
config.status:1297: creating src/foreign/PHEMlight/Makefile
config.status:1297: creating src/foreign/PHEMlight/cpp/Makefile
config.status:1297: creating src/foreign/polyfonts/Makefile
config.status:1297: creating src/foreign/rtree/Makefile
config.status:1297: creating src/foreign/tcpip/Makefile
config.status:1297: creating src/gui/Makefile
config.status:1297: creating src/gui/dialogs/Makefile
config.status:1297: creating src/guinetload/Makefile
config.status:1297: creating src/guisim/Makefile
config.status:1297: creating src/microsim/Makefile
config.status:1297: creating src/microsim/actions/Makefile
config.status:1297: creating src/microsim/cfmodels/Makefile
config.status:1297: creating src/microsim/devices/Makefile
config.status:1297: creating src/microsim/lcmodels/Makefile
config.status:1297: creating src/microsim/logging/Makefile
config.status:1297: creating src/microsim/output/Makefile
config.status:1297: creating src/microsim/pedestrians/Makefile
config.status:1297: creating src/microsim/traffic_lights/Makefile
config.status:1297: creating src/microsim/trigger/Makefile
config.status:1297: creating src/marouter/Makefile
config.status:1297: creating src/netbuild/Makefile
config.status:1297: creating src/netedit/Makefile
config.status:1297: creating src/mesogui/Makefile
config.status:1297: creating src/mesosim/Makefile
config.status:1297: creating src/osgview/Makefile
config.status:1297: creating src/netgen/Makefile
config.status:1297: creating src/netimport/Makefile
config.status:1297: creating src/netimport/vissim/Makefile
config.status:1297: creating src/netimport/vissim/tempstructs/Makefile
config.status:1297: creating src/netimport/vissim/typeloader/Makefile
config.status:1297: creating src/netload/Makefile
config.status:1297: creating src/netwrite/Makefile
config.status:1297: creating src/od/Makefile
config.status:1297: creating src/polyconvert/Makefile
config.status:1297: creating src/router/Makefile
config.status:1297: creating src/dfrouter/Makefile
config.status:1297: creating src/duarouter/Makefile
config.status:1297: creating src/jtrrouter/Makefile
config.status:1297: creating src/tools/Makefile
config.status:1297: creating src/traci_testclient/Makefile
config.status:1297: creating src/traci-server/Makefile
config.status:1297: creating src/traci-server/lib/Makefile
config.status:1297: creating src/utils/Makefile
config.status:1297: creating src/utils/common/Makefile
config.status:1297: creating src/utils/distribution/Makefile
config.status:1297: creating src/utils/emissions/Makefile
config.status:1297: creating src/utils/foxtools/Makefile
config.status:1297: creating src/utils/geom/Makefile
config.status:1297: creating src/utils/gui/Makefile
config.status:1297: creating src/utils/gui/div/Makefile
config.status:1297: creating src/utils/gui/events/Makefile
config.status:1297: creating src/utils/gui/globjects/Makefile
config.status:1297: creating src/utils/gui/images/Makefile
config.status:1297: creating src/utils/gui/settings/Makefile
config.status:1297: creating src/utils/gui/tracker/Makefile
config.status:1297: creating src/utils/gui/windows/Makefile
config.status:1297: creating src/utils/importio/Makefile
config.status:1297: creating src/utils/iodevices/Makefile
config.status:1297: creating src/utils/options/Makefile
config.status:1297: creating src/utils/shapes/Makefile
config.status:1297: creating src/utils/traci/Makefile
config.status:1297: creating src/utils/vehicle/Makefile
config.status:1297: creating src/utils/xml/Makefile
config.status:1297: creating unittest/Makefile
config.status:1297: creating unittest/src/Makefile
config.status:1297: creating unittest/src/microsim/Makefile
config.status:1297: creating unittest/src/netbuild/Makefile
config.status:1297: creating unittest/src/utils/Makefile
config.status:1297: creating unittest/src/utils/common/Makefile
config.status:1297: creating unittest/src/utils/foxtools/Makefile
config.status:1297: creating unittest/src/utils/geom/Makefile
config.status:1297: creating unittest/src/utils/iodevices/Makefile
config.status:1297: creating bin/Makefile
config.status:1297: creating Makefile
config.status:1297: creating src/config.h
config.status:1478: src/config.h is unchanged
config.status:1526: executing depfiles commands
config.status:1526: executing libtool commands
configure:20931: result: 
configure:20933: result: Optional features summary
configure:20935: result: -------------------------
configure:20937: result: Enabled: TRACI PROJ GDAL GUI
configure:20939: result: Disabled: Debug Profiling Coverage PIC UnitTests Python OSG ffmpeg

## ---------------- ##
## Cache variables. ##
## ---------------- ##

ac_cv_build=x86_64-pc-linux-gnu
ac_cv_c_compiler_gnu=yes
ac_cv_c_const=yes
ac_cv_c_inline=inline
ac_cv_c_volatile=yes
ac_cv_cxx_compiler_gnu=yes
ac_cv_env_CCC_set=
ac_cv_env_CCC_value=
ac_cv_env_CC_set=
ac_cv_env_CC_value=
ac_cv_env_CFLAGS_set=
ac_cv_env_CFLAGS_value=
ac_cv_env_CPPFLAGS_set=
ac_cv_env_CPPFLAGS_value=
ac_cv_env_CPP_set=
ac_cv_env_CPP_value=
ac_cv_env_CXXCPP_set=
ac_cv_env_CXXCPP_value=
ac_cv_env_CXXFLAGS_set=
ac_cv_env_CXXFLAGS_value=
ac_cv_env_CXX_set=
ac_cv_env_CXX_value=
ac_cv_env_LDFLAGS_set=
ac_cv_env_LDFLAGS_value=
ac_cv_env_LIBS_set=
ac_cv_env_LIBS_value=
ac_cv_env_LT_SYS_LIBRARY_PATH_set=
ac_cv_env_LT_SYS_LIBRARY_PATH_value=
ac_cv_env_PKG_CONFIG_LIBDIR_set=
ac_cv_env_PKG_CONFIG_LIBDIR_value=
ac_cv_env_PKG_CONFIG_PATH_set=
ac_cv_env_PKG_CONFIG_PATH_value=
ac_cv_env_PKG_CONFIG_set=
ac_cv_env_PKG_CONFIG_value=
ac_cv_env_XERCES_CFLAGS_set=
ac_cv_env_XERCES_CFLAGS_value=
ac_cv_env_XERCES_LIBS_set=
ac_cv_env_XERCES_LIBS_value=
ac_cv_env_build_alias_set=
ac_cv_env_build_alias_value=
ac_cv_env_host_alias_set=
ac_cv_env_host_alias_value=
ac_cv_env_target_alias_set=
ac_cv_env_target_alias_value=
ac_cv_func_alloca_works=yes
ac_cv_func_floor=yes
ac_cv_func_getcwd=yes
ac_cv_func_gettimeofday=yes
ac_cv_func_lstat_dereferences_slashed_symlink=yes
ac_cv_func_memset=yes
ac_cv_func_pow=yes
ac_cv_func_select=yes
ac_cv_func_select_args='int,fd_set *,struct timeval *'
ac_cv_func_socket=yes
ac_cv_func_sqrt=yes
ac_cv_func_stat_empty_string_bug=no
ac_cv_header_dlfcn_h=yes
ac_cv_header_float_h=yes
ac_cv_header_fxver_h=yes
ac_cv_header_inttypes_h=yes
ac_cv_header_libavformat_version_h=no
ac_cv_header_limits_h=yes
ac_cv_header_malloc_h=yes
ac_cv_header_math_h=yes
ac_cv_header_memory_h=yes
ac_cv_header_ogr_api_h=yes
ac_cv_header_proj_api_h=yes
ac_cv_header_stdbool_h=yes
ac_cv_header_stdc=no
ac_cv_header_stddef_h=yes
ac_cv_header_stdint_h=yes
ac_cv_header_stdlib_h=yes
ac_cv_header_string_h=yes
ac_cv_header_strings_h=yes
ac_cv_header_sys_select_h=yes
ac_cv_header_sys_socket_h=yes
ac_cv_header_sys_stat_h=yes
ac_cv_header_sys_time_h=yes
ac_cv_header_sys_types_h=yes
ac_cv_header_time=yes
ac_cv_header_unistd_h=yes
ac_cv_header_wchar_h=yes
ac_cv_header_xercesc_util_XercesVersion_hpp=yes
ac_cv_host=x86_64-pc-linux-gnu
ac_cv_lib_error_at_line=yes
ac_cv_lib_proj_main=yes
ac_cv_lib_xerces_c___main=yes
ac_cv_objext=o
ac_cv_path_EGREP='/bin/grep -E'
ac_cv_path_FGREP='/bin/grep -F'
ac_cv_path_FOX_CONFIG=/usr/bin/fox-config
ac_cv_path_GDAL_CONFIG=/usr/bin/gdal-config
ac_cv_path_GREP=/bin/grep
ac_cv_path_SED=/bin/sed
ac_cv_path_ac_pt_PKG_CONFIG=/usr/bin/pkg-config
ac_cv_path_install='/usr/bin/install -c'
ac_cv_path_lt_DD=/bin/dd
ac_cv_path_mkdir=/bin/mkdir
ac_cv_prog_AWK=mawk
ac_cv_prog_CPP='gcc -E'
ac_cv_prog_CXXCPP='g++ -E'
ac_cv_prog_ac_ct_AR=ar
ac_cv_prog_ac_ct_CC=gcc
ac_cv_prog_ac_ct_CXX=g++
ac_cv_prog_ac_ct_MANIFEST_TOOL=mt
ac_cv_prog_ac_ct_OBJDUMP=objdump
ac_cv_prog_ac_ct_RANLIB=ranlib
ac_cv_prog_ac_ct_STRIP=strip
ac_cv_prog_cc_c89=
ac_cv_prog_cc_g=yes
ac_cv_prog_cxx_g=yes
ac_cv_prog_make_make_set=yes
ac_cv_struct_tm=time.h
ac_cv_target=x86_64-pc-linux-gnu
ac_cv_type__Bool=no
ac_cv_type_signal=void
ac_cv_type_size_t=yes
ac_cv_working_alloca_h=yes
am_cv_CC_dependencies_compiler_type=gcc3
am_cv_CXX_dependencies_compiler_type=gcc3
am_cv_make_support_nested_variables=yes
am_cv_prog_cc_c_o=yes
am_cv_prog_tar_ustar=gnutar
lt_cv_ar_at_file=@
lt_cv_archive_cmds_need_lc=no
lt_cv_deplibs_check_method=pass_all
lt_cv_file_magic_cmd='$MAGIC_CMD'
lt_cv_file_magic_test_file=
lt_cv_ld_reload_flag=-r
lt_cv_nm_interface='BSD nm'
lt_cv_objdir=.libs
lt_cv_path_LD=/usr/bin/ld
lt_cv_path_LDCXX='/usr/bin/ld -m elf_x86_64'
lt_cv_path_NM='/usr/bin/nm -B'
lt_cv_path_mainfest_tool=no
lt_cv_prog_compiler_c_o=yes
lt_cv_prog_compiler_c_o_CXX=yes
lt_cv_prog_compiler_pic='-fPIC -DPIC'
lt_cv_prog_compiler_pic_CXX='-fPIC -DPIC'
lt_cv_prog_compiler_pic_works=yes
lt_cv_prog_compiler_pic_works_CXX=yes
lt_cv_prog_compiler_rtti_exceptions=no
lt_cv_prog_compiler_static_works=yes
lt_cv_prog_compiler_static_works_CXX=yes
lt_cv_prog_gnu_ld=yes
lt_cv_prog_gnu_ldcxx=yes
lt_cv_sharedlib_from_linklib_cmd='printf %s\n'
lt_cv_shlibpath_overrides_runpath=no
lt_cv_sys_global_symbol_pipe='sed -n -e '\''s/^.*[	 ]\([ABCDGIRSTW][ABCDGIRSTW]*\)[	 ][	 ]*\([_A-Za-z][_A-Za-z0-9]*\)$/\1 \2 \2/p'\'' | sed '\''/ __gnu_lto/d'\'''
lt_cv_sys_global_symbol_to_c_name_address='sed -n -e '\''s/^: \(.*\) .*$/  {"\1", (void *) 0},/p'\'' -e '\''s/^[ABCDGIRSTW][ABCDGIRSTW]* .* \(.*\)$/  {"\1", (void *) \&\1},/p'\'''
lt_cv_sys_global_symbol_to_c_name_address_lib_prefix='sed -n -e '\''s/^: \(.*\) .*$/  {"\1", (void *) 0},/p'\'' -e '\''s/^[ABCDGIRSTW][ABCDGIRSTW]* .* \(lib.*\)$/  {"\1", (void *) \&\1},/p'\'' -e '\''s/^[ABCDGIRSTW][ABCDGIRSTW]* .* \(.*\)$/  {"lib\1", (void *) \&\1},/p'\'''
lt_cv_sys_global_symbol_to_cdecl='sed -n -e '\''s/^T .* \(.*\)$/extern int \1();/p'\'' -e '\''s/^[ABCDGIRSTW][ABCDGIRSTW]* .* \(.*\)$/extern char \1;/p'\'''
lt_cv_sys_global_symbol_to_import=
lt_cv_sys_max_cmd_len=1572864
lt_cv_to_host_file_cmd=func_convert_file_noop
lt_cv_to_tool_file_cmd=func_convert_file_noop
lt_cv_truncate_bin='/bin/dd bs=4096 count=1'
pkg_cv_XERCES_CFLAGS=
pkg_cv_XERCES_LIBS=-lxerces-c

## ----------------- ##
## Output variables. ##
## ----------------- ##

ACLOCAL='${SHELL} /home/sinziana/sumo/sumo/missing aclocal-1.15'
ALLOCA=''
AMDEPBACKSLASH='\'
AMDEP_FALSE='#'
AMDEP_TRUE=''
AMTAR='$${TAR-tar}'
AM_BACKSLASH='\'
AM_CPPFLAGS='-I/home/sinziana/sumo/sumo/./src -I/usr/include/fox-1.6 -I/usr/include/gdal  -I/usr/local/include -I/usr/include '
AM_CXXFLAGS=''
AM_DEFAULT_V='$(AM_DEFAULT_VERBOSITY)'
AM_DEFAULT_VERBOSITY='1'
AM_V='$(V)'
AR='ar'
AUTOCONF='${SHELL} /home/sinziana/sumo/sumo/missing autoconf'
AUTOHEADER='${SHELL} /home/sinziana/sumo/sumo/missing autoheader'
AUTOMAKE='${SHELL} /home/sinziana/sumo/sumo/missing automake-1.15'
AWK='mawk'
CC='gcc'
CCDEPMODE='depmode=gcc3'
CFLAGS='-g -O2'
CPP='gcc -E'
CPPFLAGS=''
CXX='g++'
CXXCPP='g++ -E'
CXXDEPMODE='depmode=gcc3'
CXXFLAGS='-msse2 -mfpmath=sse -O2 -DNDEBUG '
CYGPATH_W='echo'
DEFS='-DHAVE_CONFIG_H'
DEPDIR='.deps'
DLLTOOL='false'
DSYMUTIL=''
DUMPBIN=''
ECHO_C=''
ECHO_N='-n'
ECHO_T=''
EGREP='/bin/grep -E'
EXEEXT=''
FFMPEG_LIBS=''
FGREP='/bin/grep -F'
FOX_CONFIG='/usr/bin/fox-config'
FOX_LDFLAGS='-L/usr/lib/x86_64-linux-gnu -lFOX-1.6 -lX11 -lXext -lfreetype -lXft -lXcursor -lXrender -lXfixes -lfreetype -lfontconfig -lfreetype -lGL -lGLU -ldl -lpthread -lrt -ljpeg -lpng -ltiff -lz -lGLU -lGL'
GDAL_CONFIG='/usr/bin/gdal-config'
GDAL_LDFLAGS='-L/usr/lib -lgdal'
GREP='/bin/grep'
GTEST_CONFIG=''
GTEST_LDFLAGS=''
INSTALL_DATA='${INSTALL} -m 644'
INSTALL_PROGRAM='${INSTALL}'
INSTALL_SCRIPT='${INSTALL}'
INSTALL_STRIP_PROGRAM='$(install_sh) -c -s'
LD='/usr/bin/ld -m elf_x86_64'
LDFLAGS=''
LIBOBJS=''
LIBS=''
LIBTOOL='$(SHELL) $(top_builddir)/libtool'
LIB_XERCES='xerces-c'
LIPO=''
LN_S='ln -s'
LTLIBOBJS=''
LT_SYS_LIBRARY_PATH=''
MAKEINFO='${SHELL} /home/sinziana/sumo/sumo/missing makeinfo'
MANIFEST_TOOL=':'
MKDIR_P='/bin/mkdir -p'
NM='/usr/bin/nm -B'
NMEDIT=''
OBJDUMP='objdump'
OBJEXT='o'
OSG_LIBS=''
OTOOL64=''
OTOOL=''
PACKAGE='sumo'
PACKAGE_BUGREPORT=''
PACKAGE_NAME='sumo'
PACKAGE_STRING='sumo svn'
PACKAGE_TARNAME='sumo'
PACKAGE_URL=''
PACKAGE_VERSION='svn'
PATH_SEPARATOR=':'
PKG_CONFIG='/usr/bin/pkg-config'
PKG_CONFIG_LIBDIR=''
PKG_CONFIG_PATH=''
PROJ_LDFLAGS='-lproj'
PYTHON_LIBS=''
RANLIB='ranlib'
SED='/bin/sed'
SET_MAKE=''
SHELL='/bin/bash'
STRIP='strip'
TRACI_FALSE='#'
TRACI_TRUE=''
VERSION='svn'
WITH_GTEST_FALSE=''
WITH_GTEST_TRUE='#'
WITH_GUI_FALSE='#'
WITH_GUI_TRUE=''
WITH_VERSION_H_FALSE=''
WITH_VERSION_H_TRUE='#'
XERCES_CFLAGS=''
XERCES_LDFLAGS=''
XERCES_LIBS='-lxerces-c'
ac_ct_AR='ar'
ac_ct_CC='gcc'
ac_ct_CXX='g++'
ac_ct_DUMPBIN=''
am__EXEEXT_FALSE=''
am__EXEEXT_TRUE='#'
am__fastdepCC_FALSE='#'
am__fastdepCC_TRUE=''
am__fastdepCXX_FALSE='#'
am__fastdepCXX_TRUE=''
am__include='include'
am__isrc=''
am__leading_dot='.'
am__nodep='_no'
am__quote=''
am__tar='tar --format=ustar -chf - "$$tardir"'
am__untar='tar -xf -'
bindir='${exec_prefix}/bin'
build='x86_64-pc-linux-gnu'
build_alias=''
build_cpu='x86_64'
build_os='linux-gnu'
build_vendor='pc'
datadir='${datarootdir}'
datarootdir='${prefix}/share'
docdir='${datarootdir}/doc/${PACKAGE_TARNAME}'
dvidir='${docdir}'
exec_prefix='${prefix}'
host='x86_64-pc-linux-gnu'
host_alias=''
host_cpu='x86_64'
host_os='linux-gnu'
host_vendor='pc'
htmldir='${docdir}'
includedir='${prefix}/include'
infodir='${datarootdir}/info'
install_sh='${SHELL} /home/sinziana/sumo/sumo/install-sh'
libdir='${exec_prefix}/lib'
libexecdir='${exec_prefix}/libexec'
localedir='${datarootdir}/locale'
localstatedir='${prefix}/var'
mandir='${datarootdir}/man'
mkdir_p='$(MKDIR_P)'
oldincludedir='/usr/include'
pdfdir='${docdir}'
prefix='/usr/local'
program_transform_name='s,x,x,'
psdir='${docdir}'
runstatedir='${localstatedir}/run'
sbindir='${exec_prefix}/sbin'
sharedstatedir='${prefix}/com'
sysconfdir='${prefix}/etc'
target='x86_64-pc-linux-gnu'
target_alias=''
target_cpu='x86_64'
target_os='linux-gnu'
target_vendor='pc'

## ----------- ##
## confdefs.h. ##
## ----------- ##

/* confdefs.h */
#define PACKAGE_NAME "sumo"
#define PACKAGE_TARNAME "sumo"
#define PACKAGE_VERSION "svn"
#define PACKAGE_STRING "sumo svn"
#define PACKAGE_BUGREPORT ""
#define PACKAGE_URL ""
#define PACKAGE "sumo"
#define VERSION "svn"
#define HAVE_SYS_TYPES_H 1
#define HAVE_SYS_STAT_H 1
#define HAVE_STDLIB_H 1
#define HAVE_STRING_H 1
#define HAVE_MEMORY_H 1
#define HAVE_STRINGS_H 1
#define HAVE_INTTYPES_H 1
#define HAVE_STDINT_H 1
#define HAVE_UNISTD_H 1
#define HAVE_DLFCN_H 1
#define LT_OBJDIR ".libs/"
#define POSITION_EPS 0.1
#define NUMERICAL_EPS 0.001
#define VERSION_STRING "svn"
#define XERCES3_SIZE_t XMLSize_t
#define HAVE_PROJ 1
#define HAVE_GDAL 1
#define HAVE_FOX 1
#define HAVE_ENABLED "x86_64-pc-linux-gnu TRACI PROJ GDAL GUI"
#define HAVE_ALLOCA_H 1
#define HAVE_ALLOCA 1
#define HAVE_FLOAT_H 1
#define HAVE_LIMITS_H 1
#define HAVE_MALLOC_H 1
#define HAVE_MATH_H 1
#define HAVE_STDDEF_H 1
#define HAVE_STDLIB_H 1
#define HAVE_STRING_H 1
#define HAVE_SYS_TIME_H 1
#define HAVE_UNISTD_H 1
#define HAVE_WCHAR_H 1
#define HAVE_STDBOOL_H 1
#define TIME_WITH_SYS_TIME 1
#define HAVE_SYS_SELECT_H 1
#define HAVE_SYS_SOCKET_H 1
#define SELECT_TYPE_ARG1 int
#define SELECT_TYPE_ARG234 (fd_set *)
#define SELECT_TYPE_ARG5 (struct timeval *)
#define RETSIGTYPE void
#define LSTAT_FOLLOWS_SLASHED_SYMLINK 1
#define HAVE_FLOOR 1
#define HAVE_GETCWD 1
#define HAVE_GETTIMEOFDAY 1
#define HAVE_MEMSET 1
#define HAVE_POW 1
#define HAVE_SELECT 1
#define HAVE_SOCKET 1
#define HAVE_SQRT 1

configure: exit 0

## ---------------------- ##
## Running config.status. ##
## ---------------------- ##

This file was extended by sumo config.status svn, which was
generated by GNU Autoconf 2.69.  Invocation command line was

  CONFIG_FILES    = 
  CONFIG_HEADERS  = 
  CONFIG_LINKS    = 
  CONFIG_COMMANDS = 
  $ ./config.status src/microsim/Makefile depfiles

on sinziana-Lenovo-B50-70

config.status:1297: creating src/microsim/Makefile
config.status:1526: executing depfiles commands

## ---------------------- ##
## Running config.status. ##
## ---------------------- ##

This file was extended by sumo config.status svn, which was
generated by GNU Autoconf 2.69.  Invocation command line was

  CONFIG_FILES    = 
  CONFIG_HEADERS  = 
  CONFIG_LINKS    = 
  CONFIG_COMMANDS = 
  $ ./config.status src/microsim/cfmodels/Makefile depfiles

on sinziana-Lenovo-B50-70

config.status:1297: creating src/microsim/cfmodels/Makefile
config.status:1526: executing depfiles commands
